=================================================
BLOB_COUNT = 2
HEIGHT = 40,40
WIDTH = 15,15
AREA = 600,600
HARRIS_CORNERS = 250,376,198,374,466,381,414,381,250,247,197,246,472,252,419,251
Results,30.78,30.86,31.5,0.95,-1.54
DISTANCE_X  = 30.78
DIST_BLOBS_X  = 30.86
DIST_BLOBS_Y  = 31.5
OFFSET_X_DEG = 0.95
perspecDeg = -1.54
blob_dists = 8.046230963218758; 8.178293487277317; 
======================
BLOB_COUNT == 2,0
HEIGHT == 40,40
WIDTH == 15,15
AREA == 600,600
HARRIS_CORNERS == (197,246/0.0),(198,374/0.0),(250,376/0.0),(250,247/0.0),(414,381/0.0),(419,251/0.0),(466,381/0.0),(472,252/0.0)
RRVarCount == 0,0
Blobs: {(250,376/1.19),(198,374/1.96),(197,246/4.32),(250,247/5.1)}{(466,381/1.23),(414,381/1.99),(419,251/4.36),(472,252/5.14)}
BlobsCSV: 250,376,198,374,197,246,250,247,466,381,414,381,419,251,472,252,
======================
=================================================
BLOB_COUNT = 2
HEIGHT = 129,130
WIDTH = 52,57
AREA = 6565,6623
HARRIS_CORNERS = 250,376,198,374,466,382,414,380,250,247,197,246,472,252,419,251
Results,30.78,30.85,31.5,0.95,-2.89
DISTANCE_X  = 30.78
DIST_BLOBS_X  = 30.85
DIST_BLOBS_Y  = 31.5
OFFSET_X_DEG = 0.95
perspecDeg = -2.89
blob_dists = 8.046230963218758; 8.115216175282136; 
======================
BLOB_COUNT == 2,0
HEIGHT == 129,130
WIDTH == 52,57
AREA == 6565,6623
HARRIS_CORNERS == (197,246/0.0),(198,374/0.0),(250,376/0.0),(250,247/0.0),(414,380/0.0),(419,251/0.0),(466,382/0.0),(472,252/0.0)
RRVarCount == 0,0
Blobs: {(250,376/1.19),(198,374/1.96),(197,246/4.32),(250,247/5.1)}{(466,382/1.23),(414,380/1.99),(419,251/4.36),(472,252/5.14)}
BlobsCSV: 250,376,198,374,197,246,250,247,466,382,414,380,419,251,472,252,
======================
=================================================
BLOB_COUNT = 2
HEIGHT = 129,129
WIDTH = 52,57
AREA = 6565,6594
HARRIS_CORNERS = 250,376,198,374,466,381,414,380,250,247,197,246,472,252,419,251
Results,30.78,30.85,31.56,0.95,-1.55
DISTANCE_X  = 30.78
DIST_BLOBS_X  = 30.85
DIST_BLOBS_Y  = 31.56
OFFSET_X_DEG = 0.95
perspecDeg = -1.55
blob_dists = 8.046230963218758; 8.115216175282136; 
======================
BLOB_COUNT == 2,0
HEIGHT == 129,129
WIDTH == 52,57
AREA == 6565,6594
HARRIS_CORNERS == (197,246/0.0),(198,374/0.0),(250,376/0.0),(250,247/0.0),(414,380/0.0),(419,251/0.0),(466,381/0.0),(472,252/0.0)
RRVarCount == 0,0
Blobs: {(250,376/1.19),(198,374/1.96),(197,246/4.32),(250,247/5.1)}{(466,381/1.23),(414,380/1.99),(419,251/4.36),(472,252/5.14)}
BlobsCSV: 250,376,198,374,197,246,250,247,466,381,414,380,419,251,472,252,
======================
=================================================
BLOB_COUNT = 2
HEIGHT = 129,130
WIDTH = 52,57
AREA = 6565,6623
HARRIS_CORNERS = 250,376,198,374,466,382,414,380,250,247,197,246,472,252,419,251
Results,30.78,30.85,31.5,0.95,-2.89
DISTANCE_X  = 30.78
DIST_BLOBS_X  = 30.85
DIST_BLOBS_Y  = 31.5
OFFSET_X_DEG = 0.95
perspecDeg = -2.89
blob_dists = 8.046230963218758; 8.115216175282136; 
======================
BLOB_COUNT == 2,0
HEIGHT == 129,130
WIDTH == 52,57
AREA == 6565,6623
HARRIS_CORNERS == (197,246/0.0),(198,374/0.0),(250,376/0.0),(250,247/0.0),(414,380/0.0),(419,251/0.0),(466,382/0.0),(472,252/0.0)
RRVarCount == 0,0
Blobs: {(250,376/1.19),(198,374/1.96),(197,246/4.32),(250,247/5.1)}{(466,382/1.23),(414,380/1.99),(419,251/4.36),(472,252/5.14)}
BlobsCSV: 250,376,198,374,197,246,250,247,466,382,414,380,419,251,472,252,
======================
=================================================
BLOB_COUNT = 2
HEIGHT = 129,130
WIDTH = 52,57
AREA = 6565,6646
HARRIS_CORNERS = 250,376,198,374,466,381,414,380,250,247,197,246,472,252,419,251
Results,30.78,30.85,31.56,0.95,-1.55
DISTANCE_X  = 30.78
DIST_BLOBS_X  = 30.85
DIST_BLOBS_Y  = 31.56
OFFSET_X_DEG = 0.95
perspecDeg = -1.55
blob_dists = 8.046230963218758; 8.115216175282136; 
======================
BLOB_COUNT == 2,0
HEIGHT == 129,130
WIDTH == 52,57
AREA == 6565,6646
HARRIS_CORNERS == (197,246/0.0),(198,374/0.0),(250,376/0.0),(250,247/0.0),(414,380/0.0),(419,251/0.0),(466,381/0.0),(472,252/0.0)
RRVarCount == 0,0
Blobs: {(250,376/1.19),(198,374/1.96),(197,246/4.32),(250,247/5.1)}{(466,381/1.23),(414,380/1.99),(419,251/4.36),(472,252/5.14)}
BlobsCSV: 250,376,198,374,197,246,250,247,466,381,414,380,419,251,472,252,
======================
=================================================
BLOB_COUNT = 2
HEIGHT = 129,129
WIDTH = 52,57
AREA = 6565,6657
HARRIS_CORNERS = 250,376,198,374,467,381,414,380,250,247,197,246,472,252,419,251
Results,30.73,30.71,31.56,0.97,-1.49
DISTANCE_X  = 30.73
DIST_BLOBS_X  = 30.71
DIST_BLOBS_Y  = 31.56
OFFSET_X_DEG = 0.97
perspecDeg = -1.49
blob_dists = 8.046230963218758; 8.115216175282136; 
======================
BLOB_COUNT == 2,0
HEIGHT == 129,129
WIDTH == 52,57
AREA == 6565,6657
HARRIS_CORNERS == (197,246/0.0),(198,374/0.0),(250,376/0.0),(250,247/0.0),(414,380/0.0),(419,251/0.0),(467,381/0.0),(472,252/0.0)
RRVarCount == 0,0
Blobs: {(250,376/1.19),(198,374/1.96),(197,246/4.32),(250,247/5.1)}{(467,381/1.22),(414,380/2.0),(419,251/4.36),(472,252/5.14)}
BlobsCSV: 250,376,198,374,197,246,250,247,467,381,414,380,419,251,472,252,
======================
=================================================
BLOB_COUNT = 2
HEIGHT = 129,129
WIDTH = 52,57
AREA = 6565,6594
HARRIS_CORNERS = 250,376,198,374,466,381,414,380,250,247,197,246,472,252,419,251
Results,30.78,30.85,31.56,0.95,-1.55
DISTANCE_X  = 30.78
DIST_BLOBS_X  = 30.85
DIST_BLOBS_Y  = 31.56
OFFSET_X_DEG = 0.95
perspecDeg = -1.55
blob_dists = 8.046230963218758; 8.115216175282136; 
======================
BLOB_COUNT == 2,0
HEIGHT == 129,129
WIDTH == 52,57
AREA == 6565,6594
HARRIS_CORNERS == (197,246/0.0),(198,374/0.0),(250,376/0.0),(250,247/0.0),(414,380/0.0),(419,251/0.0),(466,381/0.0),(472,252/0.0)
RRVarCount == 0,0
Blobs: {(250,376/1.19),(198,374/1.96),(197,246/4.32),(250,247/5.1)}{(466,381/1.23),(414,380/1.99),(419,251/4.36),(472,252/5.14)}
BlobsCSV: 250,376,198,374,197,246,250,247,466,381,414,380,419,251,472,252,
======================
=================================================
BLOB_COUNT = 2
HEIGHT = 129,130
WIDTH = 52,57
AREA = 6565,6623
HARRIS_CORNERS = 250,376,198,374,466,382,414,380,250,247,197,246,472,252,419,251
Results,30.78,30.85,31.5,0.95,-2.89
DISTANCE_X  = 30.78
DIST_BLOBS_X  = 30.85
DIST_BLOBS_Y  = 31.5
OFFSET_X_DEG = 0.95
perspecDeg = -2.89
blob_dists = 8.046230963218758; 8.115216175282136; 
======================
BLOB_COUNT == 2,0
HEIGHT == 129,130
WIDTH == 52,57
AREA == 6565,6623
HARRIS_CORNERS == (197,246/0.0),(198,374/0.0),(250,376/0.0),(250,247/0.0),(414,380/0.0),(419,251/0.0),(466,382/0.0),(472,252/0.0)
RRVarCount == 0,0
Blobs: {(250,376/1.19),(198,374/1.96),(197,246/4.32),(250,247/5.1)}{(466,382/1.23),(414,380/1.99),(419,251/4.36),(472,252/5.14)}
BlobsCSV: 250,376,198,374,197,246,250,247,466,382,414,380,419,251,472,252,
======================
=================================================
BLOB_COUNT = 2
HEIGHT = 101,100
WIDTH = 41,43
AREA = 4091,3949
HARRIS_CORNERS = 250,318,209,318,419,320,379,320,250,216,208,216,423,219,382,219
Results,39.43,39.32,39.98,-0.33,2.02
DISTANCE_X  = 39.43
DIST_BLOBS_X  = 39.32
DIST_BLOBS_Y  = 39.98
OFFSET_X_DEG = -0.33
perspecDeg = 2.02
blob_dists = 6.407202480293957; 6.346726557376982; 
======================
BLOB_COUNT == 2,0
HEIGHT == 101,100
WIDTH == 41,43
AREA == 4091,3949
HARRIS_CORNERS == (208,216/0.0),(209,318/0.0),(250,318/0.0),(250,216/0.0),(379,320/0.0),(382,219/0.0),(419,320/0.0),(423,219/0.0)
RRVarCount == 0,0
Blobs: {(250,318/1.18),(209,318/1.95),(208,216/4.32),(250,216/5.1)}{(419,320/1.22),(379,320/1.98),(382,219/4.36),(423,219/5.13)}
BlobsCSV: 250,318,209,318,208,216,250,216,419,320,379,320,382,219,423,219,
======================
=================================================
BLOB_COUNT = 2
HEIGHT = 101,101
WIDTH = 41,43
AREA = 4091,3969
HARRIS_CORNERS = 250,318,209,318,419,320,379,320,250,216,208,216,423,219,382,218
Results,39.43,39.32,39.88,-0.33,2.01
DISTANCE_X  = 39.43
DIST_BLOBS_X  = 39.32
DIST_BLOBS_Y  = 39.88
OFFSET_X_DEG = -0.33
perspecDeg = 2.01
blob_dists = 6.407202480293957; 6.409671483167233; 
======================
BLOB_COUNT == 2,0
HEIGHT == 101,101
WIDTH == 41,43
AREA == 4091,3969
HARRIS_CORNERS == (208,216/0.0),(209,318/0.0),(250,318/0.0),(250,216/0.0),(379,320/0.0),(382,218/0.0),(419,320/0.0),(423,219/0.0)
RRVarCount == 0,0
Blobs: {(250,318/1.18),(209,318/1.95),(208,216/4.32),(250,216/5.1)}{(419,320/1.23),(379,320/1.98),(382,218/4.36),(423,219/5.13)}
BlobsCSV: 250,318,209,318,208,216,250,216,419,320,379,320,382,218,423,219,
======================
=================================================
BLOB_COUNT = 2
HEIGHT = 101,100
WIDTH = 41,43
AREA = 4091,3949
HARRIS_CORNERS = 250,318,209,318,419,320,379,320,250,216,208,216,423,219,382,219
Results,39.43,39.32,39.98,-0.33,2.02
DISTANCE_X  = 39.43
DIST_BLOBS_X  = 39.32
DIST_BLOBS_Y  = 39.98
OFFSET_X_DEG = -0.33
perspecDeg = 2.02
blob_dists = 6.407202480293957; 6.346726557376982; 
======================
BLOB_COUNT == 2,0
HEIGHT == 101,100
WIDTH == 41,43
AREA == 4091,3949
HARRIS_CORNERS == (208,216/0.0),(209,318/0.0),(250,318/0.0),(250,216/0.0),(379,320/0.0),(382,219/0.0),(419,320/0.0),(423,219/0.0)
RRVarCount == 0,0
Blobs: {(250,318/1.18),(209,318/1.95),(208,216/4.32),(250,216/5.1)}{(419,320/1.22),(379,320/1.98),(382,219/4.36),(423,219/5.13)}
BlobsCSV: 250,318,209,318,208,216,250,216,419,320,379,320,382,219,423,219,
======================
=================================================
BLOB_COUNT = 2
HEIGHT = 101,100
WIDTH = 40,43
AREA = 4040,3949
HARRIS_CORNERS = 250,318,209,318,419,320,379,320,250,216,209,216,423,219,382,219
Results,39.52,39.56,39.98,-0.31,2.01
DISTANCE_X  = 39.52
DIST_BLOBS_X  = 39.56
DIST_BLOBS_Y  = 39.98
OFFSET_X_DEG = -0.31
perspecDeg = 2.01
blob_dists = 6.406893788722499; 6.346726557376982; 
======================
BLOB_COUNT == 2,0
HEIGHT == 101,100
WIDTH == 40,43
AREA == 4040,3949
HARRIS_CORNERS == (209,318/0.0),(209,216/0.0),(250,318/0.0),(250,216/0.0),(379,320/0.0),(382,219/0.0),(419,320/0.0),(423,219/0.0)
RRVarCount == 0,0
Blobs: {(250,318/1.19),(209,318/1.95),(209,216/4.33),(250,216/5.09)}{(419,320/1.22),(379,320/1.98),(382,219/4.36),(423,219/5.13)}
BlobsCSV: 250,318,209,318,209,216,250,216,419,320,379,320,382,219,423,219,
======================
=================================================
BLOB_COUNT = 2
HEIGHT = 101,101
WIDTH = 41,43
AREA = 4091,3969
HARRIS_CORNERS = 250,318,209,318,419,320,379,320,250,216,208,216,423,219,382,218
Results,39.43,39.32,39.88,-0.33,2.01
DISTANCE_X  = 39.43
DIST_BLOBS_X  = 39.32
DIST_BLOBS_Y  = 39.88
OFFSET_X_DEG = -0.33
perspecDeg = 2.01
blob_dists = 6.407202480293957; 6.409671483167233; 
======================
BLOB_COUNT == 2,0
HEIGHT == 101,101
WIDTH == 41,43
AREA == 4091,3969
HARRIS_CORNERS == (208,216/0.0),(209,318/0.0),(250,318/0.0),(250,216/0.0),(379,320/0.0),(382,218/0.0),(419,320/0.0),(423,219/0.0)
RRVarCount == 0,0
Blobs: {(250,318/1.18),(209,318/1.95),(208,216/4.32),(250,216/5.1)}{(419,320/1.23),(379,320/1.98),(382,218/4.36),(423,219/5.13)}
BlobsCSV: 250,318,209,318,208,216,250,216,419,320,379,320,382,218,423,219,
======================
=================================================
BLOB_COUNT = 2
HEIGHT = 101,101
WIDTH = 40,43
AREA = 4040,3969
HARRIS_CORNERS = 250,318,209,318,419,320,379,320,250,216,209,216,423,219,382,218
Results,39.52,39.55,39.89,-0.31,2.0
DISTANCE_X  = 39.52
DIST_BLOBS_X  = 39.55
DIST_BLOBS_Y  = 39.89
OFFSET_X_DEG = -0.31
perspecDeg = 2.0
blob_dists = 6.406893788722499; 6.409671483167233; 
======================
BLOB_COUNT == 2,0
HEIGHT == 101,101
WIDTH == 40,43
AREA == 4040,3969
HARRIS_CORNERS == (209,318/0.0),(209,216/0.0),(250,318/0.0),(250,216/0.0),(379,320/0.0),(382,218/0.0),(419,320/0.0),(423,219/0.0)
RRVarCount == 0,0
Blobs: {(250,318/1.19),(209,318/1.95),(209,216/4.33),(250,216/5.09)}{(419,320/1.23),(379,320/1.98),(382,218/4.36),(423,219/5.13)}
BlobsCSV: 250,318,209,318,209,216,250,216,419,320,379,320,382,218,423,219,
======================
=================================================
BLOB_COUNT = 2
HEIGHT = 101,100
WIDTH = 40,43
AREA = 4040,3949
HARRIS_CORNERS = 250,318,209,318,419,320,379,320,250,216,209,216,423,219,382,219
Results,39.52,39.56,39.98,-0.31,2.01
DISTANCE_X  = 39.52
DIST_BLOBS_X  = 39.56
DIST_BLOBS_Y  = 39.98
OFFSET_X_DEG = -0.31
perspecDeg = 2.01
blob_dists = 6.406893788722499; 6.346726557376982; 
======================
BLOB_COUNT == 2,0
HEIGHT == 101,100
WIDTH == 40,43
AREA == 4040,3949
HARRIS_CORNERS == (209,318/0.0),(209,216/0.0),(250,318/0.0),(250,216/0.0),(379,320/0.0),(382,219/0.0),(419,320/0.0),(423,219/0.0)
RRVarCount == 0,0
Blobs: {(250,318/1.19),(209,318/1.95),(209,216/4.33),(250,216/5.09)}{(419,320/1.22),(379,320/1.98),(382,219/4.36),(423,219/5.13)}
BlobsCSV: 250,318,209,318,209,216,250,216,419,320,379,320,382,219,423,219,
======================
=================================================
BLOB_COUNT = 2
HEIGHT = 78,78
WIDTH = 31,32
AREA = 2378,2271
HARRIS_CORNERS = 268,266,237,266,398,268,368,267,269,187,237,187,401,190,370,189
Results,51.61,51.61,51.58,-0.09,3.42
DISTANCE_X  = 51.61
DIST_BLOBS_X  = 51.61
DIST_BLOBS_Y  = 51.58
OFFSET_X_DEG = -0.09
perspecDeg = 3.42
blob_dists = 4.959644787806858; 4.8983811944116855; 
======================
BLOB_COUNT == 2,0
HEIGHT == 78,78
WIDTH == 31,32
AREA == 2378,2271
HARRIS_CORNERS == (237,266/0.0),(237,187/0.0),(268,266/0.0),(269,187/0.0),(368,267/0.0),(370,189/0.0),(398,268/0.0),(401,190/0.0)
RRVarCount == 0,0
Blobs: {(268,266/1.2),(237,266/1.95),(237,187/4.33),(269,187/5.1)}{(398,268/1.24),(368,267/1.97),(370,189/4.37),(401,190/5.12)}
BlobsCSV: 268,266,237,266,237,187,269,187,398,268,368,267,370,189,401,190,
======================
=================================================
BLOB_COUNT = 2
HEIGHT = 78,78
WIDTH = 31,32
AREA = 2363,2271
HARRIS_CORNERS = 268,266,237,266,398,268,368,267,269,188,237,187,401,190,370,189
Results,51.61,51.6,51.74,-0.09,3.43
DISTANCE_X  = 51.61
DIST_BLOBS_X  = 51.6
DIST_BLOBS_Y  = 51.74
OFFSET_X_DEG = -0.09
perspecDeg = 3.43
blob_dists = 4.959644787806858; 4.8983811944116855; 
======================
BLOB_COUNT == 2,0
HEIGHT == 78,78
WIDTH == 31,32
AREA == 2363,2271
HARRIS_CORNERS == (237,266/0.0),(237,187/0.0),(268,266/0.0),(269,188/0.0),(368,267/0.0),(370,189/0.0),(398,268/0.0),(401,190/0.0)
RRVarCount == 0,0
Blobs: {(268,266/1.2),(237,266/1.95),(237,187/4.34),(269,188/5.11)}{(398,268/1.24),(368,267/1.97),(370,189/4.37),(401,190/5.12)}
BlobsCSV: 268,266,237,266,237,187,269,188,398,268,368,267,370,189,401,190,
======================
=================================================
BLOB_COUNT = 2
HEIGHT = 78,78
WIDTH = 31,32
AREA = 2363,2271
HARRIS_CORNERS = 268,266,237,266,398,268,368,267,269,188,237,187,401,190,370,189
Results,51.61,51.6,51.74,-0.09,3.43
DISTANCE_X  = 51.61
DIST_BLOBS_X  = 51.6
DIST_BLOBS_Y  = 51.74
OFFSET_X_DEG = -0.09
perspecDeg = 3.43
blob_dists = 4.959644787806858; 4.8983811944116855; 
======================
BLOB_COUNT == 2,0
HEIGHT == 78,78
WIDTH == 31,32
AREA == 2363,2271
HARRIS_CORNERS == (237,266/0.0),(237,187/0.0),(268,266/0.0),(269,188/0.0),(368,267/0.0),(370,189/0.0),(398,268/0.0),(401,190/0.0)
RRVarCount == 0,0
Blobs: {(268,266/1.2),(237,266/1.95),(237,187/4.34),(269,188/5.11)}{(398,268/1.24),(368,267/1.97),(370,189/4.37),(401,190/5.12)}
BlobsCSV: 268,266,237,266,237,187,269,188,398,268,368,267,370,189,401,190,
======================
=================================================
BLOB_COUNT = 2
HEIGHT = 78,78
WIDTH = 31,32
AREA = 2378,2271
HARRIS_CORNERS = 268,266,237,266,398,268,368,267,269,187,237,187,401,190,370,189
Results,51.61,51.61,51.58,-0.09,3.42
DISTANCE_X  = 51.61
DIST_BLOBS_X  = 51.61
DIST_BLOBS_Y  = 51.58
OFFSET_X_DEG = -0.09
perspecDeg = 3.42
blob_dists = 4.959644787806858; 4.8983811944116855; 
======================
BLOB_COUNT == 2,0
HEIGHT == 78,78
WIDTH == 31,32
AREA == 2378,2271
HARRIS_CORNERS == (237,266/0.0),(237,187/0.0),(268,266/0.0),(269,187/0.0),(368,267/0.0),(370,189/0.0),(398,268/0.0),(401,190/0.0)
RRVarCount == 0,0
Blobs: {(268,266/1.2),(237,266/1.95),(237,187/4.33),(269,187/5.1)}{(398,268/1.24),(368,267/1.97),(370,189/4.37),(401,190/5.12)}
BlobsCSV: 268,266,237,266,237,187,269,187,398,268,368,267,370,189,401,190,
======================
=================================================
BLOB_COUNT = 2
HEIGHT = 78,78
WIDTH = 31,32
AREA = 2378,2271
HARRIS_CORNERS = 268,266,237,266,398,268,368,267,269,187,237,187,401,190,370,189
Results,51.61,51.61,51.58,-0.09,3.42
DISTANCE_X  = 51.61
DIST_BLOBS_X  = 51.61
DIST_BLOBS_Y  = 51.58
OFFSET_X_DEG = -0.09
perspecDeg = 3.42
blob_dists = 4.959644787806858; 4.8983811944116855; 
======================
BLOB_COUNT == 2,0
HEIGHT == 78,78
WIDTH == 31,32
AREA == 2378,2271
HARRIS_CORNERS == (237,266/0.0),(237,187/0.0),(268,266/0.0),(269,187/0.0),(368,267/0.0),(370,189/0.0),(398,268/0.0),(401,190/0.0)
RRVarCount == 0,0
Blobs: {(268,266/1.2),(237,266/1.95),(237,187/4.33),(269,187/5.1)}{(398,268/1.24),(368,267/1.97),(370,189/4.37),(401,190/5.12)}
BlobsCSV: 268,266,237,266,237,187,269,187,398,268,368,267,370,189,401,190,
======================
=================================================
BLOB_COUNT = 2
HEIGHT = 78,78
WIDTH = 31,32
AREA = 2378,2271
HARRIS_CORNERS = 268,266,237,266,398,267,368,267,269,188,237,187,401,189,370,189
Results,51.61,51.62,51.74,-0.09,3.43
DISTANCE_X  = 51.61
DIST_BLOBS_X  = 51.62
DIST_BLOBS_Y  = 51.74
OFFSET_X_DEG = -0.09
perspecDeg = 3.43
blob_dists = 4.959644787806858; 4.8983811944116855; 
======================
BLOB_COUNT == 2,0
HEIGHT == 78,78
WIDTH == 31,32
AREA == 2378,2271
HARRIS_CORNERS == (237,266/0.0),(237,187/0.0),(268,266/0.0),(269,188/0.0),(368,267/0.0),(370,189/0.0),(398,267/0.0),(401,189/0.0)
RRVarCount == 0,0
Blobs: {(268,266/1.2),(237,266/1.95),(237,187/4.34),(269,188/5.11)}{(398,267/1.23),(368,267/1.97),(370,189/4.36),(401,189/5.12)}
BlobsCSV: 268,266,237,266,237,187,269,188,398,267,368,267,370,189,401,189,
======================
=================================================
BLOB_COUNT = 2
HEIGHT = 78,77
WIDTH = 31,32
AREA = 2378,2256
HARRIS_CORNERS = 268,266,237,266,398,267,368,267,269,187,237,187,401,190,370,189
Results,51.61,51.62,51.74,-0.09,7.12
DISTANCE_X  = 51.61
DIST_BLOBS_X  = 51.62
DIST_BLOBS_Y  = 51.74
OFFSET_X_DEG = -0.09
perspecDeg = 7.12
blob_dists = 4.959644787806858; 4.8983811944116855; 
======================
BLOB_COUNT == 2,0
HEIGHT == 78,77
WIDTH == 31,32
AREA == 2378,2256
HARRIS_CORNERS == (237,266/0.0),(237,187/0.0),(268,266/0.0),(269,187/0.0),(368,267/0.0),(370,189/0.0),(398,267/0.0),(401,190/0.0)
RRVarCount == 0,0
Blobs: {(268,266/1.2),(237,266/1.95),(237,187/4.33),(269,187/5.1)}{(398,267/1.23),(368,267/1.97),(370,189/4.36),(401,190/5.13)}
BlobsCSV: 268,266,237,266,237,187,269,187,398,267,368,267,370,189,401,190,
======================
=================================================
BLOB_COUNT = 2
HEIGHT = 63,62
WIDTH = 24,26
AREA = 1468,1486
HARRIS_CORNERS = 278,236,254,235,384,237,359,237,279,172,254,172,386,174,361,174
Results,63.99,64.13,63.84,0.0,-0.18
DISTANCE_X  = 63.99
DIST_BLOBS_X  = 64.13
DIST_BLOBS_Y  = 63.84
OFFSET_X_DEG = 0.0
perspecDeg = -0.18
blob_dists = 3.954047841556069; 3.9560417632733444; 
======================
BLOB_COUNT == 2,0
HEIGHT == 63,62
WIDTH == 24,26
AREA == 1468,1486
HARRIS_CORNERS == (254,235/0.0),(254,172/0.0),(278,236/0.0),(279,172/0.0),(359,237/0.0),(361,174/0.0),(384,237/0.0),(386,174/0.0)
RRVarCount == 0,0
Blobs: {(278,236/1.22),(254,235/1.94),(254,172/4.34),(279,172/5.09)}{(384,237/1.22),(359,237/1.98),(361,174/4.36),(386,174/5.12)}
BlobsCSV: 278,236,254,235,254,172,279,172,384,237,359,237,361,174,386,174,
======================
=================================================
BLOB_COUNT = 2
HEIGHT = 63,18
WIDTH = 24,7
AREA = 1468,93
HARRIS_CORNERS = 14,338,7,355,12,351,7,337,279,172,254,172,278,236,254,235
=================================================
BLOB_COUNT = 2
HEIGHT = 62,17
WIDTH = 25,6
AREA = 1455,84
HARRIS_CORNERS = 17,331,11,331,16,349,10,349,386,174,361,174,384,237,360,237
=================================================
BLOB_COUNT = 2
HEIGHT = 63,62
WIDTH = 24,26
AREA = 1468,1486
HARRIS_CORNERS = 278,236,254,235,384,237,359,237,279,172,254,172,386,174,361,174
Results,63.99,64.13,63.84,0.0,-0.18
DISTANCE_X  = 63.99
DIST_BLOBS_X  = 64.13
DIST_BLOBS_Y  = 63.84
OFFSET_X_DEG = 0.0
perspecDeg = -0.18
blob_dists = 3.954047841556069; 3.9560417632733444; 
======================
BLOB_COUNT == 2,0
HEIGHT == 63,62
WIDTH == 24,26
AREA == 1468,1486
HARRIS_CORNERS == (254,235/0.0),(254,172/0.0),(278,236/0.0),(279,172/0.0),(359,237/0.0),(361,174/0.0),(384,237/0.0),(386,174/0.0)
RRVarCount == 0,0
Blobs: {(278,236/1.22),(254,235/1.94),(254,172/4.34),(279,172/5.09)}{(384,237/1.22),(359,237/1.98),(361,174/4.36),(386,174/5.12)}
BlobsCSV: 278,236,254,235,254,172,279,172,384,237,359,237,361,174,386,174,
======================
=================================================
BLOB_COUNT = 2
HEIGHT = 64,62
WIDTH = 24,26
AREA = 1479,1486
HARRIS_CORNERS = 278,236,254,235,384,237,359,237,279,172,254,171,386,174,361,174
Results,63.99,64.12,63.59,0.0,5.34
DISTANCE_X  = 63.99
DIST_BLOBS_X  = 64.12
DIST_BLOBS_Y  = 63.59
OFFSET_X_DEG = 0.0
perspecDeg = 5.34
blob_dists = 4.016873626486489; 3.9560417632733444; 
======================
BLOB_COUNT == 2,0
HEIGHT == 64,62
WIDTH == 24,26
AREA == 1479,1486
HARRIS_CORNERS == (254,235/0.0),(254,171/0.0),(278,236/0.0),(279,172/0.0),(359,237/0.0),(361,174/0.0),(384,237/0.0),(386,174/0.0)
RRVarCount == 0,0
Blobs: {(278,236/1.22),(254,235/1.94),(254,171/4.35),(279,172/5.1)}{(384,237/1.22),(359,237/1.98),(361,174/4.36),(386,174/5.12)}
BlobsCSV: 278,236,254,235,254,171,279,172,384,237,359,237,361,174,386,174,
======================
=================================================
BLOB_COUNT = 2
HEIGHT = 53,53
WIDTH = 20,22
AREA = 1049,1085
HARRIS_CORNERS = 280,216,259,216,369,218,348,218,280,163,259,162,371,164,349,164
Results,75.47,74.22,74.93,-0.35,-0.28
DISTANCE_X  = 75.47
DIST_BLOBS_X  = 74.22
DIST_BLOBS_Y  = 74.93
OFFSET_X_DEG = -0.35
perspecDeg = -0.28
blob_dists = 3.388742360126793; 3.3893237896827766; 
======================
BLOB_COUNT == 2,0
HEIGHT == 53,53
WIDTH == 20,22
AREA == 1049,1085
HARRIS_CORNERS == (259,216/0.0),(259,162/0.0),(280,216/0.0),(280,163/0.0),(348,218/0.0),(349,164/0.0),(369,218/0.0),(371,164/0.0)
RRVarCount == 0,0
Blobs: {(280,216/1.2),(259,216/1.94),(259,162/4.34),(280,163/5.09)}{(369,218/1.22),(348,218/1.97),(349,164/4.35),(371,164/5.12)}
BlobsCSV: 280,216,259,216,259,162,280,163,369,218,348,218,349,164,371,164,
======================
=================================================
BLOB_COUNT = 2
HEIGHT = 53,53
WIDTH = 20,22
AREA = 1049,1085
HARRIS_CORNERS = 280,216,259,216,369,218,348,218,280,163,259,162,371,164,349,164
Results,75.47,74.22,74.93,-0.35,-0.28
DISTANCE_X  = 75.47
DIST_BLOBS_X  = 74.22
DIST_BLOBS_Y  = 74.93
OFFSET_X_DEG = -0.35
perspecDeg = -0.28
blob_dists = 3.388742360126793; 3.3893237896827766; 
======================
BLOB_COUNT == 2,0
HEIGHT == 53,53
WIDTH == 20,22
AREA == 1049,1085
HARRIS_CORNERS == (259,216/0.0),(259,162/0.0),(280,216/0.0),(280,163/0.0),(348,218/0.0),(349,164/0.0),(369,218/0.0),(371,164/0.0)
RRVarCount == 0,0
Blobs: {(280,216/1.2),(259,216/1.94),(259,162/4.34),(280,163/5.09)}{(369,218/1.22),(348,218/1.97),(349,164/4.35),(371,164/5.12)}
BlobsCSV: 280,216,259,216,259,162,280,163,369,218,348,218,349,164,371,164,
======================
=================================================
BLOB_COUNT = 2
HEIGHT = 53,53
WIDTH = 20,22
AREA = 1049,1085
HARRIS_CORNERS = 280,216,259,216,369,218,348,218,280,163,259,162,371,164,349,164
Results,75.47,74.22,74.93,-0.35,-0.28
DISTANCE_X  = 75.47
DIST_BLOBS_X  = 74.22
DIST_BLOBS_Y  = 74.93
OFFSET_X_DEG = -0.35
perspecDeg = -0.28
blob_dists = 3.388742360126793; 3.3893237896827766; 
======================
BLOB_COUNT == 2,0
HEIGHT == 53,53
WIDTH == 20,22
AREA == 1049,1085
HARRIS_CORNERS == (259,216/0.0),(259,162/0.0),(280,216/0.0),(280,163/0.0),(348,218/0.0),(349,164/0.0),(369,218/0.0),(371,164/0.0)
RRVarCount == 0,0
Blobs: {(280,216/1.2),(259,216/1.94),(259,162/4.34),(280,163/5.09)}{(369,218/1.22),(348,218/1.97),(349,164/4.35),(371,164/5.12)}
BlobsCSV: 280,216,259,216,259,162,280,163,369,218,348,218,349,164,371,164,
======================
=================================================
BLOB_COUNT = 2
HEIGHT = 53,53
WIDTH = 20,22
AREA = 1049,1085
HARRIS_CORNERS = 280,216,259,216,369,218,348,218,280,163,259,162,371,164,349,164
Results,75.47,74.22,74.93,-0.35,-0.28
DISTANCE_X  = 75.47
DIST_BLOBS_X  = 74.22
DIST_BLOBS_Y  = 74.93
OFFSET_X_DEG = -0.35
perspecDeg = -0.28
blob_dists = 3.388742360126793; 3.3893237896827766; 
======================
BLOB_COUNT == 2,0
HEIGHT == 53,53
WIDTH == 20,22
AREA == 1049,1085
HARRIS_CORNERS == (259,216/0.0),(259,162/0.0),(280,216/0.0),(280,163/0.0),(348,218/0.0),(349,164/0.0),(369,218/0.0),(371,164/0.0)
RRVarCount == 0,0
Blobs: {(280,216/1.2),(259,216/1.94),(259,162/4.34),(280,163/5.09)}{(369,218/1.22),(348,218/1.97),(349,164/4.35),(371,164/5.12)}
BlobsCSV: 280,216,259,216,259,162,280,163,369,218,348,218,349,164,371,164,
======================
=================================================
BLOB_COUNT = 2
HEIGHT = 53,53
WIDTH = 20,22
AREA = 1049,1085
HARRIS_CORNERS = 280,216,259,216,369,218,348,218,280,163,259,162,371,164,349,164
Results,75.47,74.22,74.93,-0.35,-0.28
DISTANCE_X  = 75.47
DIST_BLOBS_X  = 74.22
DIST_BLOBS_Y  = 74.93
OFFSET_X_DEG = -0.35
perspecDeg = -0.28
blob_dists = 3.388742360126793; 3.3893237896827766; 
======================
BLOB_COUNT == 2,0
HEIGHT == 53,53
WIDTH == 20,22
AREA == 1049,1085
HARRIS_CORNERS == (259,216/0.0),(259,162/0.0),(280,216/0.0),(280,163/0.0),(348,218/0.0),(349,164/0.0),(369,218/0.0),(371,164/0.0)
RRVarCount == 0,0
Blobs: {(280,216/1.2),(259,216/1.94),(259,162/4.34),(280,163/5.09)}{(369,218/1.22),(348,218/1.97),(349,164/4.35),(371,164/5.12)}
BlobsCSV: 280,216,259,216,259,162,280,163,369,218,348,218,349,164,371,164,
======================
=================================================
BLOB_COUNT = 2
HEIGHT = 53,53
WIDTH = 20,22
AREA = 1049,1085
HARRIS_CORNERS = 280,216,259,216,369,218,348,218,280,163,259,162,371,164,349,164
Results,75.47,74.22,74.93,-0.35,-0.28
DISTANCE_X  = 75.47
DIST_BLOBS_X  = 74.22
DIST_BLOBS_Y  = 74.93
OFFSET_X_DEG = -0.35
perspecDeg = -0.28
blob_dists = 3.388742360126793; 3.3893237896827766; 
======================
BLOB_COUNT == 2,0
HEIGHT == 53,53
WIDTH == 20,22
AREA == 1049,1085
HARRIS_CORNERS == (259,216/0.0),(259,162/0.0),(280,216/0.0),(280,163/0.0),(348,218/0.0),(349,164/0.0),(369,218/0.0),(371,164/0.0)
RRVarCount == 0,0
Blobs: {(280,216/1.2),(259,216/1.94),(259,162/4.34),(280,163/5.09)}{(369,218/1.22),(348,218/1.97),(349,164/4.35),(371,164/5.12)}
BlobsCSV: 280,216,259,216,259,162,280,163,369,218,348,218,349,164,371,164,
======================
=================================================
BLOB_COUNT = 2
HEIGHT = 53,53
WIDTH = 20,22
AREA = 1049,1085
HARRIS_CORNERS = 280,216,259,216,369,218,348,218,280,163,259,162,371,164,349,164
Results,75.47,74.22,74.93,-0.35,-0.28
DISTANCE_X  = 75.47
DIST_BLOBS_X  = 74.22
DIST_BLOBS_Y  = 74.93
OFFSET_X_DEG = -0.35
perspecDeg = -0.28
blob_dists = 3.388742360126793; 3.3893237896827766; 
======================
BLOB_COUNT == 2,0
HEIGHT == 53,53
WIDTH == 20,22
AREA == 1049,1085
HARRIS_CORNERS == (259,216/0.0),(259,162/0.0),(280,216/0.0),(280,163/0.0),(348,218/0.0),(349,164/0.0),(369,218/0.0),(371,164/0.0)
RRVarCount == 0,0
Blobs: {(280,216/1.2),(259,216/1.94),(259,162/4.34),(280,163/5.09)}{(369,218/1.22),(348,218/1.97),(349,164/4.35),(371,164/5.12)}
BlobsCSV: 280,216,259,216,259,162,280,163,369,218,348,218,349,164,371,164,
======================
=================================================
BLOB_COUNT = 2
HEIGHT = 46,45
WIDTH = 17,18
AREA = 773,764
HARRIS_CORNERS = 280,200,262,200,357,201,339,201,280,154,262,153,358,155,340,155
Results,87.62,86.9,86.84,-0.68,10.16
DISTANCE_X  = 87.62
DIST_BLOBS_X  = 86.9
DIST_BLOBS_Y  = 86.84
OFFSET_X_DEG = -0.68
perspecDeg = 10.16
blob_dists = 2.9492030044481865; 2.8871031235630538; 
======================
BLOB_COUNT == 2,0
HEIGHT == 46,45
WIDTH == 17,18
AREA == 773,764
HARRIS_CORNERS == (262,200/0.0),(262,153/0.0),(280,200/0.0),(280,154/0.0),(339,201/0.0),(340,155/0.0),(357,201/0.0),(358,155/0.0)
RRVarCount == 0,0
Blobs: {(280,200/1.2),(262,200/1.94),(262,153/4.35),(280,154/5.09)}{(357,201/1.22),(339,201/1.96),(340,155/4.36),(358,155/5.1)}
BlobsCSV: 280,200,262,200,262,153,280,154,357,201,339,201,340,155,358,155,
======================
=================================================
BLOB_COUNT = 2
HEIGHT = 46,45
WIDTH = 17,18
AREA = 773,764
HARRIS_CORNERS = 280,200,262,200,357,201,339,201,280,154,262,153,358,155,340,155
Results,87.62,86.9,86.84,-0.68,10.16
DISTANCE_X  = 87.62
DIST_BLOBS_X  = 86.9
DIST_BLOBS_Y  = 86.84
OFFSET_X_DEG = -0.68
perspecDeg = 10.16
blob_dists = 2.9492030044481865; 2.8871031235630538; 
======================
BLOB_COUNT == 2,0
HEIGHT == 46,45
WIDTH == 17,18
AREA == 773,764
HARRIS_CORNERS == (262,200/0.0),(262,153/0.0),(280,200/0.0),(280,154/0.0),(339,201/0.0),(340,155/0.0),(357,201/0.0),(358,155/0.0)
RRVarCount == 0,0
Blobs: {(280,200/1.2),(262,200/1.94),(262,153/4.35),(280,154/5.09)}{(357,201/1.22),(339,201/1.96),(340,155/4.36),(358,155/5.1)}
BlobsCSV: 280,200,262,200,262,153,280,154,357,201,339,201,340,155,358,155,
======================
=================================================
BLOB_COUNT = 2
HEIGHT = 46,45
WIDTH = 17,18
AREA = 773,787
HARRIS_CORNERS = 280,200,262,200,357,201,339,201,280,154,262,153,358,155,339,155
Results,87.62,85.79,86.85,-0.68,10.16
DISTANCE_X  = 87.62
DIST_BLOBS_X  = 85.79
DIST_BLOBS_Y  = 86.85
OFFSET_X_DEG = -0.68
perspecDeg = 10.16
blob_dists = 2.9492030044481865; 2.8864208005130947; 
======================
BLOB_COUNT == 2,0
HEIGHT == 46,45
WIDTH == 17,18
AREA == 773,787
HARRIS_CORNERS == (262,200/0.0),(262,153/0.0),(280,200/0.0),(280,154/0.0),(339,201/0.0),(339,155/0.0),(357,201/0.0),(358,155/0.0)
RRVarCount == 0,0
Blobs: {(280,200/1.2),(262,200/1.94),(262,153/4.35),(280,154/5.09)}{(357,201/1.21),(339,201/1.95),(339,155/4.33),(358,155/5.11)}
BlobsCSV: 280,200,262,200,262,153,280,154,357,201,339,201,339,155,358,155,
======================
=================================================
BLOB_COUNT = 2
HEIGHT = 46,45
WIDTH = 17,18
AREA = 773,787
HARRIS_CORNERS = 280,200,262,200,357,201,339,201,280,154,262,153,358,155,339,155
Results,87.62,85.79,86.85,-0.68,10.16
DISTANCE_X  = 87.62
DIST_BLOBS_X  = 85.79
DIST_BLOBS_Y  = 86.85
OFFSET_X_DEG = -0.68
perspecDeg = 10.16
blob_dists = 2.9492030044481865; 2.8864208005130947; 
======================
BLOB_COUNT == 2,0
HEIGHT == 46,45
WIDTH == 17,18
AREA == 773,787
HARRIS_CORNERS == (262,200/0.0),(262,153/0.0),(280,200/0.0),(280,154/0.0),(339,201/0.0),(339,155/0.0),(357,201/0.0),(358,155/0.0)
RRVarCount == 0,0
Blobs: {(280,200/1.2),(262,200/1.94),(262,153/4.35),(280,154/5.09)}{(357,201/1.21),(339,201/1.95),(339,155/4.33),(358,155/5.11)}
BlobsCSV: 280,200,262,200,262,153,280,154,357,201,339,201,339,155,358,155,
======================
=================================================
BLOB_COUNT = 2
HEIGHT = 46,45
WIDTH = 17,18
AREA = 773,764
HARRIS_CORNERS = 280,200,262,200,357,201,339,201,280,154,262,153,358,155,340,155
Results,87.62,86.9,86.84,-0.68,10.16
DISTANCE_X  = 87.62
DIST_BLOBS_X  = 86.9
DIST_BLOBS_Y  = 86.84
OFFSET_X_DEG = -0.68
perspecDeg = 10.16
blob_dists = 2.9492030044481865; 2.8871031235630538; 
======================
BLOB_COUNT == 2,0
HEIGHT == 46,45
WIDTH == 17,18
AREA == 773,764
HARRIS_CORNERS == (262,200/0.0),(262,153/0.0),(280,200/0.0),(280,154/0.0),(339,201/0.0),(340,155/0.0),(357,201/0.0),(358,155/0.0)
RRVarCount == 0,0
Blobs: {(280,200/1.2),(262,200/1.94),(262,153/4.35),(280,154/5.09)}{(357,201/1.22),(339,201/1.96),(340,155/4.36),(358,155/5.1)}
BlobsCSV: 280,200,262,200,262,153,280,154,357,201,339,201,340,155,358,155,
======================
=================================================
BLOB_COUNT = 2
HEIGHT = 46,45
WIDTH = 17,18
AREA = 773,764
HARRIS_CORNERS = 280,200,262,200,357,201,339,201,280,154,262,153,358,155,340,155
Results,87.62,86.9,86.84,-0.68,10.16
DISTANCE_X  = 87.62
DIST_BLOBS_X  = 86.9
DIST_BLOBS_Y  = 86.84
OFFSET_X_DEG = -0.68
perspecDeg = 10.16
blob_dists = 2.9492030044481865; 2.8871031235630538; 
======================
BLOB_COUNT == 2,0
HEIGHT == 46,45
WIDTH == 17,18
AREA == 773,764
HARRIS_CORNERS == (262,200/0.0),(262,153/0.0),(280,200/0.0),(280,154/0.0),(339,201/0.0),(340,155/0.0),(357,201/0.0),(358,155/0.0)
RRVarCount == 0,0
Blobs: {(280,200/1.2),(262,200/1.94),(262,153/4.35),(280,154/5.09)}{(357,201/1.22),(339,201/1.96),(340,155/4.36),(358,155/5.1)}
BlobsCSV: 280,200,262,200,262,153,280,154,357,201,339,201,340,155,358,155,
======================
=================================================
BLOB_COUNT = 2
HEIGHT = 7,5,45
WIDTH = 6,3,18
AREA = 24,12,764
HARRIS_CORNERS = 9,86,24,119,339,201,357,201,340,155,358,155
=================================================
BLOB_COUNT = 2
HEIGHT = 46,45
WIDTH = 17,18
AREA = 773,764
HARRIS_CORNERS = 280,200,262,200,357,201,339,201,280,154,262,153,358,155,340,155
Results,87.62,86.9,86.84,-0.68,10.16
DISTANCE_X  = 87.62
DIST_BLOBS_X  = 86.9
DIST_BLOBS_Y  = 86.84
OFFSET_X_DEG = -0.68
perspecDeg = 10.16
blob_dists = 2.9492030044481865; 2.8871031235630538; 
======================
BLOB_COUNT == 2,0
HEIGHT == 46,45
WIDTH == 17,18
AREA == 773,764
HARRIS_CORNERS == (262,200/0.0),(262,153/0.0),(280,200/0.0),(280,154/0.0),(339,201/0.0),(340,155/0.0),(357,201/0.0),(358,155/0.0)
RRVarCount == 0,0
Blobs: {(280,200/1.2),(262,200/1.94),(262,153/4.35),(280,154/5.09)}{(357,201/1.22),(339,201/1.96),(340,155/4.36),(358,155/5.1)}
BlobsCSV: 280,200,262,200,262,153,280,154,357,201,339,201,340,155,358,155,
======================
=================================================
BLOB_COUNT = 2
HEIGHT = 40,40
WIDTH = 15,16
AREA = 600,619
HARRIS_CORNERS = 290,184,274,184,359,186,342,186,290,143,274,143,359,145,343,145
Results,98.35,95.77,97.7,-0.21,0.0
DISTANCE_X  = 98.35
DIST_BLOBS_X  = 95.77
DIST_BLOBS_Y  = 97.7
OFFSET_X_DEG = -0.21
perspecDeg = 0.0
blob_dists = 2.572540993049928; 2.5733063792922333; 
======================
BLOB_COUNT == 2,0
HEIGHT == 40,40
WIDTH == 15,16
AREA == 600,619
HARRIS_CORNERS == (274,184/0.0),(274,143/0.0),(290,184/0.0),(290,143/0.0),(342,186/0.0),(343,145/0.0),(359,186/0.0),(359,145/0.0)
RRVarCount == 0,0
Blobs: {(290,184/1.2),(274,184/1.94),(274,143/4.34),(290,143/5.08)}{(359,186/1.19),(342,186/1.97),(343,145/4.35),(359,145/5.09)}
BlobsCSV: 290,184,274,184,274,143,290,143,359,186,342,186,343,145,359,145,
======================
=================================================
BLOB_COUNT = 2
HEIGHT = 40,40
WIDTH = 15,15
AREA = 600,579
HARRIS_CORNERS = 290,184,274,184,358,186,343,186,290,143,274,143,359,145,343,145
Results,98.92,98.63,97.7,-0.23,-0.16
DISTANCE_X  = 98.92
DIST_BLOBS_X  = 98.63
DIST_BLOBS_Y  = 97.7
OFFSET_X_DEG = -0.23
perspecDeg = -0.16
blob_dists = 2.572540993049928; 2.572540993049928; 
======================
BLOB_COUNT == 2,0
HEIGHT == 40,40
WIDTH == 15,15
AREA == 600,579
HARRIS_CORNERS == (274,184/0.0),(274,143/0.0),(290,184/0.0),(290,143/0.0),(343,186/0.0),(343,145/0.0),(358,186/0.0),(359,145/0.0)
RRVarCount == 0,0
Blobs: {(290,184/1.2),(274,184/1.94),(274,143/4.34),(290,143/5.08)}{(358,186/1.23),(343,186/1.93),(343,145/4.35),(359,145/5.09)}
BlobsCSV: 290,184,274,184,274,143,290,143,358,186,343,186,343,145,359,145,
======================
=================================================
BLOB_COUNT = 2
HEIGHT = 40,40
WIDTH = 15,15
AREA = 600,600
HARRIS_CORNERS = 290,184,274,184,359,186,343,186,290,143,274,143,359,145,343,145
Results,98.35,97.16,97.71,-0.21,0.0
DISTANCE_X  = 98.35
DIST_BLOBS_X  = 97.16
DIST_BLOBS_Y  = 97.71
OFFSET_X_DEG = -0.21
perspecDeg = 0.0
blob_dists = 2.572540993049928; 2.572540993049928; 
======================
BLOB_COUNT == 2,0
HEIGHT == 40,40
WIDTH == 15,15
AREA == 600,600
HARRIS_CORNERS == (274,184/0.0),(274,143/0.0),(290,184/0.0),(290,143/0.0),(343,186/0.0),(343,145/0.0),(359,186/0.0),(359,145/0.0)
RRVarCount == 0,0
Blobs: {(290,184/1.2),(274,184/1.94),(274,143/4.34),(290,143/5.08)}{(359,186/1.2),(343,186/1.94),(343,145/4.34),(359,145/5.08)}
BlobsCSV: 290,184,274,184,274,143,290,143,359,186,343,186,343,145,359,145,
======================
=================================================
BLOB_COUNT = 2
HEIGHT = 40,40
WIDTH = 15,15
AREA = 600,579
HARRIS_CORNERS = 290,184,274,184,358,186,343,186,290,143,274,143,359,145,343,145
Results,98.92,98.63,97.7,-0.23,-0.16
DISTANCE_X  = 98.92
DIST_BLOBS_X  = 98.63
DIST_BLOBS_Y  = 97.7
OFFSET_X_DEG = -0.23
perspecDeg = -0.16
blob_dists = 2.572540993049928; 2.572540993049928; 
======================
BLOB_COUNT == 2,0
HEIGHT == 40,40
WIDTH == 15,15
AREA == 600,579
HARRIS_CORNERS == (274,184/0.0),(274,143/0.0),(290,184/0.0),(290,143/0.0),(343,186/0.0),(343,145/0.0),(358,186/0.0),(359,145/0.0)
RRVarCount == 0,0
Blobs: {(290,184/1.2),(274,184/1.94),(274,143/4.34),(290,143/5.08)}{(358,186/1.23),(343,186/1.93),(343,145/4.35),(359,145/5.09)}
BlobsCSV: 290,184,274,184,274,143,290,143,358,186,343,186,343,145,359,145,
======================
=================================================
BLOB_COUNT = 2
HEIGHT = 40,40
WIDTH = 15,15
AREA = 600,600
HARRIS_CORNERS = 290,184,274,184,359,186,343,186,290,143,274,143,359,145,343,145
Results,98.35,97.16,97.71,-0.21,0.0
DISTANCE_X  = 98.35
DIST_BLOBS_X  = 97.16
DIST_BLOBS_Y  = 97.71
OFFSET_X_DEG = -0.21
perspecDeg = 0.0
blob_dists = 2.572540993049928; 2.572540993049928; 
======================
BLOB_COUNT == 2,0
HEIGHT == 40,40
WIDTH == 15,15
AREA == 600,600
HARRIS_CORNERS == (274,184/0.0),(274,143/0.0),(290,184/0.0),(290,143/0.0),(343,186/0.0),(343,145/0.0),(359,186/0.0),(359,145/0.0)
RRVarCount == 0,0
Blobs: {(290,184/1.2),(274,184/1.94),(274,143/4.34),(290,143/5.08)}{(359,186/1.2),(343,186/1.94),(343,145/4.34),(359,145/5.08)}
BlobsCSV: 290,184,274,184,274,143,290,143,359,186,343,186,343,145,359,145,
======================
=================================================
BLOB_COUNT = 2
HEIGHT = 40,40
WIDTH = 15,15
AREA = 600,579
HARRIS_CORNERS = 290,184,274,184,358,186,343,186,290,143,274,143,359,145,343,145
Results,98.92,98.63,97.7,-0.23,-0.16
DISTANCE_X  = 98.92
DIST_BLOBS_X  = 98.63
DIST_BLOBS_Y  = 97.7
OFFSET_X_DEG = -0.23
perspecDeg = -0.16
blob_dists = 2.572540993049928; 2.572540993049928; 
======================
BLOB_COUNT == 2,0
HEIGHT == 40,40
WIDTH == 15,15
AREA == 600,579
HARRIS_CORNERS == (274,184/0.0),(274,143/0.0),(290,184/0.0),(290,143/0.0),(343,186/0.0),(343,145/0.0),(358,186/0.0),(359,145/0.0)
RRVarCount == 0,0
Blobs: {(290,184/1.2),(274,184/1.94),(274,143/4.34),(290,143/5.08)}{(358,186/1.23),(343,186/1.93),(343,145/4.35),(359,145/5.09)}
BlobsCSV: 290,184,274,184,274,143,290,143,358,186,343,186,343,145,359,145,
======================
=================================================
BLOB_COUNT = 2
HEIGHT = 40,40
WIDTH = 15,15
AREA = 600,600
HARRIS_CORNERS = 290,184,274,184,359,186,343,186,290,143,274,143,359,145,343,145
Results,98.35,97.16,97.71,-0.21,0.0
DISTANCE_X  = 98.35
DIST_BLOBS_X  = 97.16
DIST_BLOBS_Y  = 97.71
OFFSET_X_DEG = -0.21
perspecDeg = 0.0
blob_dists = 2.572540993049928; 2.572540993049928; 
======================
BLOB_COUNT == 2,0
HEIGHT == 40,40
WIDTH == 15,15
AREA == 600,600
HARRIS_CORNERS == (274,184/0.0),(274,143/0.0),(290,184/0.0),(290,143/0.0),(343,186/0.0),(343,145/0.0),(359,186/0.0),(359,145/0.0)
RRVarCount == 0,0
Blobs: {(290,184/1.2),(274,184/1.94),(274,143/4.34),(290,143/5.08)}{(359,186/1.2),(343,186/1.94),(343,145/4.34),(359,145/5.08)}
BlobsCSV: 290,184,274,184,274,143,290,143,359,186,343,186,343,145,359,145,
======================
